<?xml version="1.0" encoding="UTF-8"?>
<!-- Generated by org.testng.reporters.JUnitReportReporter -->
<testsuite skipped="0" hostname="DESKTOP-JT41S5T" name="com.TestRunner.ExcutionWndowOfHtmlReports" tests="1" failures="0" timestamp="27 Mar 2020 02:20:10 GMT" time="17.896" errors="0">
  <testcase name="Testexecution" time="17.896" classname="com.TestRunner.ExcutionWndowOfHtmlReports"/>
</testsuite> <!-- com.TestRunner.ExcutionWndowOfHtmlReports -->
