<?xml version="1.0" encoding="UTF-8"?>
<!-- Generated by org.testng.reporters.JUnitReportReporter -->
<testsuite skipped="0" hostname="DESKTOP-JT41S5T" name="com.TestRunner.ExecutionWindow1" tests="1" failures="0" timestamp="23 Mar 2020 20:11:07 GMT" time="32.749" errors="0">
  <testcase name="testexecution1" time="32.749" classname="com.TestRunner.ExecutionWindow1"/>
</testsuite> <!-- com.TestRunner.ExecutionWindow1 -->
