<?xml version="1.0" encoding="UTF-8"?>
<!-- Generated by org.testng.reporters.JUnitReportReporter -->
<testsuite skipped="0" hostname="DESKTOP-JT41S5T" name="com.TestRunner.ExecutionWindowNew" tests="1" failures="0" timestamp="25 Mar 2020 02:31:52 GMT" time="22.643" errors="0">
  <testcase name="Testexecution" time="22.643" classname="com.TestRunner.ExecutionWindowNew"/>
</testsuite> <!-- com.TestRunner.ExecutionWindowNew -->
